#
# A fatal error has been detected by the Java Runtime Environment:
#
#  Internal Error (exceptions.cpp:427), pid=10052, tid=5012
#  fatal error: ExceptionMark destructor expects no pending exceptions
#
# JRE version: Java(TM) SE Runtime Environment (8.0_40-b26) (build 1.8.0_40-b26)
# Java VM: Java HotSpot(TM) Client VM (25.40-b25 mixed mode windows-x86 )
# Failed to write core dump. Minidumps are not enabled by default on client versions of Windows
#
# If you would like to submit a bug report, please visit:
#   http://bugreport.java.com/bugreport/crash.jsp
#

---------------  T H R E A D  ---------------

Current thread (0x1658c800):  JavaThread "PowerFailureProtecter" [_thread_in_vm, id=5012, stack(0x16980000,0x169d0000)]

Stack: [0x16980000,0x169d0000],  sp=0x169ced4c,  free space=315k
Native frames: (J=compiled Java code, j=interpreted, Vv=VM code, C=native code)
V  [jvm.dll+0x1a4f6b]
V  [jvm.dll+0x19d7d6]
V  [jvm.dll+0x19dfaa]
V  [jvm.dll+0x11b0d8]
V  [jvm.dll+0x7e68e]
j  java.io.PrintWriter.close()V+38
j  record_classes.PowerFailure.run()V+78
v  ~StubRoutines::call_stub
V  [jvm.dll+0x155c05]
V  [jvm.dll+0x21b0be]
V  [jvm.dll+0x155c9e]
V  [jvm.dll+0x155e26]
V  [jvm.dll+0x155e97]
V  [jvm.dll+0xfafaf]
V  [jvm.dll+0x178f3c]
V  [jvm.dll+0x17902a]
V  [jvm.dll+0x1bd616]
C  [msvcr100.dll+0x5c556]
C  [msvcr100.dll+0x5c600]
C  [KERNEL32.DLL+0x1fa29]
C  [ntdll.dll+0x675f4]
C  [ntdll.dll+0x675c4]
C  0x00000000

Java frames: (J=compiled Java code, j=interpreted, Vv=VM code)
j  java.io.PrintWriter.close()V+38
j  record_classes.PowerFailure.run()V+78
v  ~StubRoutines::call_stub

---------------  P R O C E S S  ---------------

Java Threads: ( => current thread )
=>0x1658c800 JavaThread "PowerFailureProtecter" [_thread_in_vm, id=5012, stack(0x16980000,0x169d0000)]
  0x14e22000 JavaThread "AWT-EventQueue-0" [_thread_blocked, id=8352, stack(0x168f0000,0x16940000)]
  0x14e25400 JavaThread "AWT-Shutdown" [_thread_blocked, id=8476, stack(0x15740000,0x15790000)]
  0x14f2cc00 JavaThread "main" [_thread_in_native, id=8972, stack(0x008c0000,0x00910000)]
  0x00c6c800 JavaThread "DestroyJavaVM" [_thread_blocked, id=8388, stack(0x00cb0000,0x00d00000)]
  0x14f5f400 JavaThread "BlueJ worker thread" [_thread_blocked, id=7932, stack(0x15910000,0x15960000)]
  0x14f2d800 JavaThread "AWT-Windows" daemon [_thread_in_native, id=9100, stack(0x157d0000,0x15820000)]
  0x14f2a400 JavaThread "Java2D Disposer" daemon [_thread_blocked, id=4856, stack(0x156b0000,0x15700000)]
  0x14de2000 JavaThread "Service Thread" daemon [_thread_blocked, id=4652, stack(0x15450000,0x154a0000)]
  0x14dc8400 JavaThread "C1 CompilerThread0" daemon [_thread_blocked, id=8092, stack(0x153c0000,0x15410000)]
  0x14dc0c00 JavaThread "JDWP Command Reader" daemon [_thread_in_native, id=1188, stack(0x15330000,0x15380000)]
  0x14db5c00 JavaThread "JDWP Event Helper Thread" daemon [_thread_blocked, id=2496, stack(0x152a0000,0x152f0000)]
  0x14db3400 JavaThread "JDWP Transport Listener: dt_shmem" daemon [_thread_blocked, id=5168, stack(0x15210000,0x15260000)]
  0x14db8800 JavaThread "Attach Listener" daemon [_thread_blocked, id=9392, stack(0x15170000,0x151c0000)]
  0x14db6800 JavaThread "Signal Dispatcher" daemon [_thread_blocked, id=9856, stack(0x150e0000,0x15130000)]
  0x14d86400 JavaThread "Finalizer" daemon [_thread_blocked, id=8684, stack(0x15050000,0x150a0000)]
  0x00f4e800 JavaThread "Reference Handler" daemon [_thread_blocked, id=4248, stack(0x14fc0000,0x15010000)]

Other Threads:
  0x00f4c400 VMThread [stack: 0x14d30000,0x14d80000] [id=6100]
  0x14deb400 WatcherThread [stack: 0x154e0000,0x15530000] [id=6844]

VM state:synchronizing (normal execution)

VM Mutex/Monitor currently owned by a thread:  ([mutex/lock_event])
[0x00c6b210] Threads_lock - owner thread: 0x00f4c400

Heap:
 def new generation   total 4928K, used 776K [0x04800000, 0x04d50000, 0x09d50000)
  eden space 4416K,  14% used [0x04800000, 0x0489d200, 0x04c50000)
  from space 512K,  28% used [0x04cd0000, 0x04cf4ff8, 0x04d50000)
  to   space 512K,   0% used [0x04c50000, 0x04c50000, 0x04cd0000)
 tenured generation   total 10944K, used 2299K [0x09d50000, 0x0a800000, 0x14800000)
   the space 10944K,  21% used [0x09d50000, 0x09f8ec90, 0x09f8ee00, 0x0a800000)
 Metaspace       used 8054K, capacity 8213K, committed 8320K, reserved 8576K

Card table byte_map: [0x14800000,0x14890000] byte_map_base: 0x147dc000

Polling page: 0x00c50000

CodeCache: size=32768Kb used=1156Kb max_used=1156Kb free=31611Kb
 bounds [0x02720000, 0x02848000, 0x04720000]
 total_blobs=555 nmethods=336 adapters=157
 compilation: enabled

Compilation events (10 events):
Event: 2118.431 Thread 0x14dc8400  341             java.lang.invoke.LambdaForm$DMH/155248::invokeStatic_L_L (14 bytes)
Event: 2118.431 Thread 0x14dc8400 nmethod 341 0x02840488 code [0x02840590, 0x02840668]
Event: 2122.433 Thread 0x14dc8400  342             javax.swing.JComponent$$Lambda$13/385458::get$Lambda (9 bytes)
Event: 2122.433 Thread 0x14dc8400 nmethod 342 0x02840748 code [0x02840840, 0x02840900]
Event: 2122.434 Thread 0x14dc8400  343             javax.swing.JComponent$$Lambda$13/385458::<init> (10 bytes)
Event: 2122.434 Thread 0x14dc8400 nmethod 343 0x02840988 code [0x02840a80, 0x02840b10]
Event: 2122.434 Thread 0x14dc8400  344             javax.swing.JComponent$$Lambda$13/385458::run (8 bytes)
Event: 2122.434 Thread 0x14dc8400 nmethod 344 0x02840b88 code [0x02840c90, 0x02840d4c]
Event: 2693.841 Thread 0x14dc8400  345   !         java.io.BufferedWriter::write (117 bytes)
Event: 2693.842 Thread 0x14dc8400 nmethod 345 0x02840e48 code [0x02840f80, 0x028412d4]

GC Heap History (10 events):
Event: 3161.242 GC heap before
{Heap before GC invocations=12558 (full 0):
 def new generation   total 4928K, used 4582K [0x04800000, 0x04d50000, 0x09d50000)
  eden space 4416K, 100% used [0x04800000, 0x04c50000, 0x04c50000)
  from space 512K,  32% used [0x04c50000, 0x04c799c8, 0x04cd0000)
  to   space 512K,   0% used [0x04cd0000, 0x04cd0000, 0x04d50000)
 tenured generation   total 10944K, used 2299K [0x09d50000, 0x0a800000, 0x14800000)
   the space 10944K,  21% used [0x09d50000, 0x09f8ec90, 0x09f8ee00, 0x0a800000)
 Metaspace       used 8053K, capacity 8213K, committed 8320K, reserved 8576K
Event: 3161.243 GC heap after
Heap after GC invocations=12559 (full 0):
 def new generation   total 4928K, used 147K [0x04800000, 0x04d50000, 0x09d50000)
  eden space 4416K,   0% used [0x04800000, 0x04800000, 0x04c50000)
  from space 512K,  28% used [0x04cd0000, 0x04cf4ec0, 0x04d50000)
  to   space 512K,   0% used [0x04c50000, 0x04c50000, 0x04cd0000)
 tenured generation   total 10944K, used 2299K [0x09d50000, 0x0a800000, 0x14800000)
   the space 10944K,  21% used [0x09d50000, 0x09f8ec90, 0x09f8ee00, 0x0a800000)
 Metaspace       used 8053K, capacity 8213K, committed 8320K, reserved 8576K
}
Event: 3384.524 GC heap before
{Heap before GC invocations=12559 (full 0):
 def new generation   total 4928K, used 4562K [0x04800000, 0x04d50000, 0x09d50000)
  eden space 4416K,  99% used [0x04800000, 0x04c4fab8, 0x04c50000)
  from space 512K,  28% used [0x04cd0000, 0x04cf4ec0, 0x04d50000)
  to   space 512K,   0% used [0x04c50000, 0x04c50000, 0x04cd0000)
 tenured generation   total 10944K, used 2299K [0x09d50000, 0x0a800000, 0x14800000)
   the space 10944K,  21% used [0x09d50000, 0x09f8ec90, 0x09f8ee00, 0x0a800000)
 Metaspace       used 8053K, capacity 8213K, committed 8320K, reserved 8576K
Event: 3384.526 GC heap after
Heap after GC invocations=12560 (full 0):
 def new generation   total 4928K, used 157K [0x04800000, 0x04d50000, 0x09d50000)
  eden space 4416K,   0% used [0x04800000, 0x04800000, 0x04c50000)
  from space 512K,  30% used [0x04c50000, 0x04c77530, 0x04cd0000)
  to   space 512K,   0% used [0x04cd0000, 0x04cd0000, 0x04d50000)
 tenured generation   total 10944K, used 2299K [0x09d50000, 0x0a800000, 0x14800000)
   the space 10944K,  21% used [0x09d50000, 0x09f8ec90, 0x09f8ee00, 0x0a800000)
 Metaspace       used 8053K, capacity 8213K, committed 8320K, reserved 8576K
}
Event: 3587.840 GC heap before
{Heap before GC invocations=12560 (full 0):
 def new generation   total 4928K, used 4573K [0x04800000, 0x04d50000, 0x09d50000)
  eden space 4416K, 100% used [0x04800000, 0x04c50000, 0x04c50000)
  from space 512K,  30% used [0x04c50000, 0x04c77530, 0x04cd0000)
  to   space 512K,   0% used [0x04cd0000, 0x04cd0000, 0x04d50000)
 tenured generation   total 10944K, used 2299K [0x09d50000, 0x0a800000, 0x14800000)
   the space 10944K,  21% used [0x09d50000, 0x09f8ec90, 0x09f8ee00, 0x0a800000)
 Metaspace       used 8053K, capacity 8213K, committed 8320K, reserved 8576K
Event: 3587.871 GC heap after
Heap after GC invocations=12561 (full 0):
 def new generation   total 4928K, used 150K [0x04800000, 0x04d50000, 0x09d50000)
  eden space 4416K,   0% used [0x04800000, 0x04800000, 0x04c50000)
  from space 512K,  29% used [0x04cd0000, 0x04cf5880, 0x04d50000)
  to   space 512K,   0% used [0x04c50000, 0x04c50000, 0x04cd0000)
 tenured generation   total 10944K, used 2299K [0x09d50000, 0x0a800000, 0x14800000)
   the space 10944K,  21% used [0x09d50000, 0x09f8ec90, 0x09f8ee00, 0x0a800000)
 Metaspace       used 8053K, capacity 8213K, committed 8320K, reserved 8576K
}
Event: 3842.055 GC heap before
{Heap before GC invocations=12561 (full 0):
 def new generation   total 4928K, used 4566K [0x04800000, 0x04d50000, 0x09d50000)
  eden space 4416K, 100% used [0x04800000, 0x04c50000, 0x04c50000)
  from space 512K,  29% used [0x04cd0000, 0x04cf5880, 0x04d50000)
  to   space 512K,   0% used [0x04c50000, 0x04c50000, 0x04cd0000)
 tenured generation   total 10944K, used 2299K [0x09d50000, 0x0a800000, 0x14800000)
   the space 10944K,  21% used [0x09d50000, 0x09f8ec90, 0x09f8ee00, 0x0a800000)
 Metaspace       used 8053K, capacity 8213K, committed 8320K, reserved 8576K
Event: 3842.056 GC heap after
Heap after GC invocations=12562 (full 0):
 def new generation   total 4928K, used 148K [0x04800000, 0x04d50000, 0x09d50000)
  eden space 4416K,   0% used [0x04800000, 0x04800000, 0x04c50000)
  from space 512K,  29% used [0x04c50000, 0x04c752b0, 0x04cd0000)
  to   space 512K,   0% used [0x04cd0000, 0x04cd0000, 0x04d50000)
 tenured generation   total 10944K, used 2299K [0x09d50000, 0x0a800000, 0x14800000)
   the space 10944K,  21% used [0x09d50000, 0x09f8ec90, 0x09f8ee00, 0x0a800000)
 Metaspace       used 8053K, capacity 8213K, committed 8320K, reserved 8576K
}
Event: 4121.227 GC heap before
{Heap before GC invocations=12562 (full 0):
 def new generation   total 4928K, used 4564K [0x04800000, 0x04d50000, 0x09d50000)
  eden space 4416K,  99% used [0x04800000, 0x04c4fe50, 0x04c50000)
  from space 512K,  29% used [0x04c50000, 0x04c752b0, 0x04cd0000)
  to   space 512K,   0% used [0x04cd0000, 0x04cd0000, 0x04d50000)
 tenured generation   total 10944K, used 2299K [0x09d50000, 0x0a800000, 0x14800000)
   the space 10944K,  21% used [0x09d50000, 0x09f8ec90, 0x09f8ee00, 0x0a800000)
 Metaspace       used 8053K, capacity 8213K, committed 8320K, reserved 8576K
Event: 4121.228 GC heap after
Heap after GC invocations=12563 (full 0):
 def new generation   total 4928K, used 147K [0x04800000, 0x04d50000, 0x09d50000)
  eden space 4416K,   0% used [0x04800000, 0x04800000, 0x04c50000)
  from space 512K,  28% used [0x04cd0000, 0x04cf4ff8, 0x04d50000)
  to   space 512K,   0% used [0x04c50000, 0x04c50000, 0x04cd0000)
 tenured generation   total 10944K, used 2299K [0x09d50000, 0x0a800000, 0x14800000)
   the space 10944K,  21% used [0x09d50000, 0x09f8ec90, 0x09f8ee00, 0x0a800000)
 Metaspace       used 8053K, capacity 8213K, committed 8320K, reserved 8576K
}

Deoptimization events (0 events):
No events

Internal exceptions (10 events):
Event: 1.371 Thread 0x00c6c800 Exception <a 'java/lang/NoSuchFieldError': method resolution failed> (0x049e4478) thrown at [C:\re\workspace\8-2-build-windows-i586-cygwin\jdk8u40\3098\hotspot\src\share\vm\prims\methodHandles.cpp, line 1125]
Event: 1.374 Thread 0x00c6c800 Exception <a 'java/lang/NoSuchFieldError': method resolution failed> (0x049f1968) thrown at [C:\re\workspace\8-2-build-windows-i586-cygwin\jdk8u40\3098\hotspot\src\share\vm\prims\methodHandles.cpp, line 1125]
Event: 516.039 Thread 0x14f2cc00 Exception <a 'java/io/FileNotFoundException'> (0x04b68808) thrown at [C:\re\workspace\8-2-build-windows-i586-cygwin\jdk8u40\3098\hotspot\src\share\vm\prims\jni.cpp, line 709]
Event: 886.283 Thread 0x14e25400 Implicit null exception at 0x02828e03 to 0x02829295
Event: 886.283 Thread 0x14e25400 Implicit null exception at 0x0282a1bd to 0x0282a376
Event: 910.301 Thread 0x14f2cc00 JVM_StopThread thread JavaThread 0x00000000 as oop 0x09ef2190 [exception 0x0090f128]
Event: 910.301 Thread 0x14f2cc00 JVM_StopThread thread JavaThread 0x00000000 as oop 0x09ef2190 [exception 0x0090f0f4]
Event: 4139.252 Thread 0x14f2cc00 JVM_StopThread thread JavaThread 0x1658c800 as oop 0x04cd0608 [exception 0x0090f130]
Event: 4139.269 Thread 0x14f2cc00 JVM_StopThread thread JavaThread 0x1658c800 as oop 0x04cd0608 [exception 0x0090f0fc]
Event: 4140.012 Thread 0x1658c800 Exception <a 'java/lang/ThreadDeath'> (0x0487a7e0) thrown at [C:\re\workspace\8-2-build-windows-i586-cygwin\jdk8u40\3098\hotspot\src\share\vm\prims\jni.cpp, line 709]

Events (10 events):
Event: 4139.269 Executing VM operation: GetOrSetLocal done
Event: 4139.269 Executing VM operation: EnterInterpOnlyMode
Event: 4139.269 Executing VM operation: EnterInterpOnlyMode done
Event: 4139.269 Executing VM operation: ThreadStop
Event: 4139.285 Executing VM operation: ThreadStop done
Event: 4139.285 Executing VM operation: RevokeBias
Event: 4139.285 Executing VM operation: RevokeBias done
Event: 4139.332 Executing VM operation: ForceSafepoint
Event: 4139.332 Executing VM operation: ForceSafepoint done
Event: 4140.013 Executing VM operation: RevokeBias


Dynamic libraries:
0x00910000 - 0x00943000 	C:\Program Files (x86)\BlueJ\jdk\jre\bin\java.exe
0x772e0000 - 0x77483000 	C:\WINDOWS\SYSTEM32\ntdll.dll
0x75590000 - 0x75680000 	C:\WINDOWS\System32\KERNEL32.DLL
0x76130000 - 0x76344000 	C:\WINDOWS\System32\KERNELBASE.dll
0x74240000 - 0x742df000 	C:\WINDOWS\SYSTEM32\apphelp.dll
0x765e0000 - 0x7665a000 	C:\WINDOWS\System32\ADVAPI32.dll
0x75ed0000 - 0x75f8f000 	C:\WINDOWS\System32\msvcrt.dll
0x75220000 - 0x75296000 	C:\WINDOWS\System32\sechost.dll
0x76660000 - 0x76720000 	C:\WINDOWS\System32\RPCRT4.dll
0x752d0000 - 0x75466000 	C:\WINDOWS\System32\USER32.dll
0x76560000 - 0x76578000 	C:\WINDOWS\System32\win32u.dll
0x752a0000 - 0x752c3000 	C:\WINDOWS\System32\GDI32.dll
0x77100000 - 0x771db000 	C:\WINDOWS\System32\gdi32full.dll
0x751a0000 - 0x7521b000 	C:\WINDOWS\System32\msvcp_win.dll
0x75680000 - 0x757a0000 	C:\WINDOWS\System32\ucrtbase.dll
0x73680000 - 0x73892000 	C:\WINDOWS\WinSxS\x86_microsoft.windows.common-controls_6595b64144ccf1df_6.0.19041.488_none_11b1e5df2ffd8627\COMCTL32.dll
0x76100000 - 0x76125000 	C:\WINDOWS\System32\IMM32.DLL
0x749d0000 - 0x74a8f000 	C:\Program Files (x86)\BlueJ\jdk\jre\bin\msvcr100.dll
0x742e0000 - 0x746a0000 	C:\Program Files (x86)\BlueJ\jdk\jre\bin\client\jvm.dll
0x76550000 - 0x76556000 	C:\WINDOWS\System32\PSAPI.DLL
0x74a90000 - 0x74a98000 	C:\WINDOWS\SYSTEM32\WSOCK32.dll
0x75520000 - 0x75583000 	C:\WINDOWS\System32\WS2_32.dll
0x74aa0000 - 0x74ac8000 	C:\WINDOWS\SYSTEM32\WINMM.dll
0x748e0000 - 0x748e8000 	C:\WINDOWS\SYSTEM32\VERSION.dll
0x749c0000 - 0x749cc000 	C:\Program Files (x86)\BlueJ\jdk\jre\bin\verify.dll
0x74990000 - 0x749b1000 	C:\Program Files (x86)\BlueJ\jdk\jre\bin\java.dll
0x72dd0000 - 0x72df9000 	C:\Program Files (x86)\BlueJ\jdk\jre\bin\jdwp.dll
0x72dc0000 - 0x72dc7000 	C:\Program Files (x86)\BlueJ\jdk\jre\bin\npt.dll
0x74970000 - 0x74983000 	C:\Program Files (x86)\BlueJ\jdk\jre\bin\zip.dll
0x76770000 - 0x76d23000 	C:\WINDOWS\System32\SHELL32.dll
0x74b90000 - 0x7519a000 	C:\WINDOWS\SYSTEM32\windows.storage.dll
0x76db0000 - 0x77031000 	C:\WINDOWS\System32\combase.dll
0x74b60000 - 0x74b84000 	C:\WINDOWS\SYSTEM32\Wldp.dll
0x76390000 - 0x76418000 	C:\WINDOWS\System32\SHCORE.dll
0x75c70000 - 0x75cb5000 	C:\WINDOWS\System32\shlwapi.dll
0x74950000 - 0x7496d000 	C:\WINDOWS\SYSTEM32\profapi.dll
0x72e80000 - 0x72e89000 	C:\Program Files (x86)\BlueJ\jdk\jre\bin\dt_shmem.dll
0x74740000 - 0x74885000 	C:\Program Files (x86)\BlueJ\jdk\jre\bin\awt.dll
0x764b0000 - 0x76546000 	C:\WINDOWS\System32\OLEAUT32.dll
0x73fd0000 - 0x74044000 	C:\WINDOWS\system32\uxtheme.dll
0x75ce0000 - 0x75db4000 	C:\WINDOWS\System32\MSCTF.dll
0x771e0000 - 0x772c3000 	C:\WINDOWS\System32\ole32.dll
0x746d0000 - 0x746df000 	C:\WINDOWS\SYSTEM32\kernel.appcore.dll
0x76420000 - 0x7647d000 	C:\WINDOWS\System32\bcryptPrimitives.dll
0x73fa0000 - 0x73fc6000 	C:\WINDOWS\system32\DWMAPI.DLL
0x73f60000 - 0x73f99000 	C:\Program Files (x86)\BlueJ\jdk\jre\bin\fontmanager.dll
0x74720000 - 0x74735000 	C:\Program Files (x86)\BlueJ\jdk\jre\bin\net.dll
0x741e0000 - 0x74232000 	C:\WINDOWS\system32\mswsock.dll
0x748b0000 - 0x748bf000 	C:\Program Files (x86)\BlueJ\jdk\jre\bin\nio.dll
0x738a0000 - 0x738d0000 	C:\Program Files (x86)\BlueJ\jdk\jre\bin\t2k.dll
0x73ea0000 - 0x73f5a000 	C:\WINDOWS\SYSTEM32\textinputframework.dll
0x73b80000 - 0x73dfe000 	C:\WINDOWS\System32\CoreUIComponents.dll
0x73e00000 - 0x73e9b000 	C:\WINDOWS\System32\CoreMessaging.dll
0x738d0000 - 0x739ae000 	C:\WINDOWS\SYSTEM32\wintypes.dll
0x746a0000 - 0x746c9000 	C:\WINDOWS\SYSTEM32\ntmarta.dll
0x72db0000 - 0x72dba000 	C:\Program Files (x86)\BlueJ\jdk\jre\bin\management.dll
0x72e60000 - 0x72e71000 	C:\WINDOWS\system32\napinsp.dll
0x72e40000 - 0x72e56000 	C:\WINDOWS\system32\pnrpnsp.dll
0x72e30000 - 0x72e40000 	C:\WINDOWS\system32\wshbth.dll
0x72e10000 - 0x72e26000 	C:\WINDOWS\system32\NLAapi.dll
0x746e0000 - 0x74712000 	C:\WINDOWS\SYSTEM32\IPHLPAPI.DLL
0x740c0000 - 0x74152000 	C:\WINDOWS\SYSTEM32\DNSAPI.dll
0x76480000 - 0x76487000 	C:\WINDOWS\System32\NSI.dll
0x72e00000 - 0x72e0e000 	C:\WINDOWS\System32\winrnr.dll
0x74190000 - 0x74198000 	C:\Windows\System32\rasadhlp.dll
0x72eb0000 - 0x72f08000 	C:\WINDOWS\System32\fwpuclnt.dll
0x75cc0000 - 0x75cd9000 	C:\WINDOWS\System32\bcrypt.dll
0x72ce0000 - 0x72d74000 	C:\WINDOWS\SYSTEM32\TextShaping.dll
0x739e0000 - 0x73b68000 	C:\WINDOWS\SYSTEM32\dbghelp.dll

VM Arguments:
jvm_args: -ea -Djavafx.macosx.embedded=true -agentlib:jdwp=transport=dt_shmem,address=javadebug -Dfile.encoding=UTF-8 
java_command: bluej.runtime.ExecServer UTF-8
java_class_path (initial): C:\Program Files (x86)\BlueJ\lib\bluejcore.jar;C:\Program Files (x86)\BlueJ\lib\junit-4.8.2.jar;C:\Program Files (x86)\BlueJ\lib\userlib\pi4j-core.jar;C:\Program Files (x86)\BlueJ\lib\userlib\pi4j-device.jar;C:\Program Files (x86)\BlueJ\lib\userlib\pi4j-gpio-extension.jar;C:\Program Files (x86)\BlueJ\lib\userlib\pi4j-service.jar
Launcher Type: SUN_STANDARD

Environment Variables:
PATH=C:\Program Files (x86)\Common Files\Oracle\Java\javapath;C:\WINDOWS\system32;C:\WINDOWS;C:\WINDOWS\System32\Wbem;C:\WINDOWS\System32\WindowsPowerShell\v1.0\;C:\WINDOWS\System32\OpenSSH\;C:\Program Files\nodejs\;C:\Program Files\Git\cmd;C:\Program Files\Git\;C:\Program Files\Microsoft\Web Platform Installer\;C:\Program Files\MongoDB\Server\4.2\bin;C:\Program Files\Java\jdk1.8.0_111\bin;C:\Program Files\Java\jdk1.8.0_111\bin;C:\Users\adity\AppData\Local\Microsoft\WindowsApps;;C:\Users\adity\AppData\Local\Programs\Microsoft VS Code\bin;C:\Users\adity\AppData\Roaming\npm;C:\Program Files\heroku\bin
USERNAME=adity
OS=Windows_NT
PROCESSOR_IDENTIFIER=Intel64 Family 6 Model 37 Stepping 5, GenuineIntel



---------------  S Y S T E M  ---------------

OS: Windows 10.0 , 64 bit Build 19041 (10.0.19041.662)

CPU:total 4 (2 cores per cpu, 2 threads per core) family 6 model 37 stepping 5, cmov, cx8, fxsr, mmx, sse, sse2, sse3, ssse3, sse4.1, sse4.2, popcnt, ht, tsc, tscinvbit

Memory: 4k page, physical 3005556k(535244k free), swap 5265348k(1130836k free)

vm_info: Java HotSpot(TM) Client VM (25.40-b25) for windows-x86 JRE (1.8.0_40-b26), built on Mar  7 2015 13:51:08 by "java_re" with MS VC++ 10.0 (VS2010)

time: Tue Jan 05 20:11:05 2021
elapsed time: 4141 seconds (0d 1h 9m 1s)

