#
# A fatal error has been detected by the Java Runtime Environment:
#
#  Internal Error (exceptions.cpp:427), pid=3752, tid=8400
#  fatal error: ExceptionMark destructor expects no pending exceptions
#
# JRE version: Java(TM) SE Runtime Environment (8.0_40-b26) (build 1.8.0_40-b26)
# Java VM: Java HotSpot(TM) Client VM (25.40-b25 mixed mode windows-x86 )
# Failed to write core dump. Minidumps are not enabled by default on client versions of Windows
#
# If you would like to submit a bug report, please visit:
#   http://bugreport.java.com/bugreport/crash.jsp
#

---------------  T H R E A D  ---------------

Current thread (0x14905000):  JavaThread "Thread-12" [_thread_in_vm, id=8400, stack(0x15260000,0x152b0000)]

Stack: [0x15260000,0x152b0000],  sp=0x152af1b0,  free space=316k
Native frames: (J=compiled Java code, j=interpreted, Vv=VM code, C=native code)
V  [jvm.dll+0x1a4f6b]
V  [jvm.dll+0x19d7d6]
V  [jvm.dll+0x19dfaa]
V  [jvm.dll+0x11b0d8]
V  [jvm.dll+0x7e68e]
j  record_classes.PowerFailure.writeStartingTime()V+139
j  record_classes.PowerFailure.run()V+1
v  ~StubRoutines::call_stub
V  [jvm.dll+0x155c05]
V  [jvm.dll+0x21b0be]
V  [jvm.dll+0x155c9e]
V  [jvm.dll+0x155e26]
V  [jvm.dll+0x155e97]
V  [jvm.dll+0xfafaf]
V  [jvm.dll+0x178f3c]
V  [jvm.dll+0x17902a]
V  [jvm.dll+0x1bd616]
C  [msvcr100.dll+0x5c556]
C  [msvcr100.dll+0x5c600]
C  [KERNEL32.DLL+0x1fa29]
C  [ntdll.dll+0x675f4]
C  [ntdll.dll+0x675c4]
C  0x00000000

Java frames: (J=compiled Java code, j=interpreted, Vv=VM code)
j  record_classes.PowerFailure.writeStartingTime()V+139
j  record_classes.PowerFailure.run()V+1
v  ~StubRoutines::call_stub

---------------  P R O C E S S  ---------------

Java Threads: ( => current thread )
  0x14904c00 JavaThread "main" [_thread_blocked, id=5488, stack(0x15990000,0x159e0000)]
=>0x14905000 JavaThread "Thread-12" [_thread_in_vm, id=8400, stack(0x15260000,0x152b0000)]
  0x14906800 JavaThread "main" [_thread_blocked, id=436, stack(0x00510000,0x00560000)]
  0x0221c800 JavaThread "DestroyJavaVM" [_thread_blocked, id=5076, stack(0x02060000,0x020b0000)]
  0x14a87400 JavaThread "BlueJ worker thread" [_thread_blocked, id=9100, stack(0x15540000,0x15590000)]
  0x14a51c00 JavaThread "AWT-Windows" daemon [_thread_in_native, id=7380, stack(0x152f0000,0x15340000)]
  0x14a4e000 JavaThread "Java2D Disposer" daemon [_thread_blocked, id=8992, stack(0x151d0000,0x15220000)]
  0x1490d400 JavaThread "Service Thread" daemon [_thread_blocked, id=7796, stack(0x14f70000,0x14fc0000)]
  0x148f7400 JavaThread "C1 CompilerThread0" daemon [_thread_blocked, id=8628, stack(0x14ee0000,0x14f30000)]
  0x148f1400 JavaThread "JDWP Command Reader" daemon [_thread_in_native, id=9072, stack(0x14e50000,0x14ea0000)]
  0x148ee400 JavaThread "JDWP Event Helper Thread" daemon [_thread_blocked, id=4408, stack(0x14dc0000,0x14e10000)]
  0x148e5800 JavaThread "JDWP Transport Listener: dt_shmem" daemon [_thread_blocked, id=540, stack(0x14d30000,0x14d80000)]
  0x148e9400 JavaThread "Attach Listener" daemon [_thread_blocked, id=9108, stack(0x14ca0000,0x14cf0000)]
  0x148e7400 JavaThread "Signal Dispatcher" daemon [_thread_blocked, id=2192, stack(0x14c10000,0x14c60000)]
  0x148b6400 JavaThread "Finalizer" daemon [_thread_blocked, id=8816, stack(0x14b80000,0x14bd0000)]
  0x0220e800 JavaThread "Reference Handler" daemon [_thread_blocked, id=6500, stack(0x14af0000,0x14b40000)]

Other Threads:
  0x0220c400 VMThread [stack: 0x14860000,0x148b0000] [id=5088]
  0x14916c00 WatcherThread [stack: 0x15000000,0x15050000] [id=8532]

VM state:synchronizing (normal execution)

VM Mutex/Monitor currently owned by a thread:  ([mutex/lock_event])
[0x0221b4e8] Threads_lock - owner thread: 0x0220c400

Heap:
 def new generation   total 4928K, used 4783K [0x04400000, 0x04950000, 0x09950000)
  eden space 4416K,  96% used [0x04400000, 0x0482bdd0, 0x04850000)
  from space 512K, 100% used [0x048d0000, 0x04950000, 0x04950000)
  to   space 512K,   0% used [0x04850000, 0x04850000, 0x048d0000)
 tenured generation   total 10944K, used 718K [0x09950000, 0x0a400000, 0x14400000)
   the space 10944K,   6% used [0x09950000, 0x09a039a8, 0x09a03a00, 0x0a400000)
 Metaspace       used 7554K, capacity 7775K, committed 7936K, reserved 8576K

Card table byte_map: [0x042a0000,0x04330000] byte_map_base: 0x0427e000

Polling page: 0x020b0000

CodeCache: size=32768Kb used=1029Kb max_used=1029Kb free=31738Kb
 bounds [0x02220000, 0x02328000, 0x04220000]
 total_blobs=496 nmethods=285 adapters=150
 compilation: enabled

Compilation events (10 events):
Event: 912.450 Thread 0x148f7400  283             java.util.concurrent.ConcurrentHashMap::get (162 bytes)
Event: 912.451 Thread 0x148f7400 nmethod 283 0x02320388 code [0x023204d0, 0x023207b0]
Event: 917.484 Thread 0x148f7400  284   !         javax.swing.UIManager::maybeInitialize (36 bytes)
Event: 917.484 Thread 0x148f7400 nmethod 284 0x02320ac8 code [0x02320bf0, 0x02320e34]
Event: 917.486 Thread 0x148f7400  285             javax.swing.UIManager::getDefaults (10 bytes)
Event: 917.486 Thread 0x148f7400 nmethod 285 0x02321008 code [0x02321110, 0x023211a8]
Event: 917.486 Thread 0x148f7400  286             java.awt.Component::getFont (5 bytes)
Event: 917.487 Thread 0x148f7400 nmethod 286 0x02321248 code [0x02321350, 0x0232144c]
Event: 917.487 Thread 0x148f7400  287             java.beans.PropertyChangeEvent::getPropertyName (5 bytes)
Event: 917.487 Thread 0x148f7400 nmethod 287 0x02321548 code [0x02321640, 0x023216c0]

GC Heap History (2 events):
Event: 758.479 GC heap before
{Heap before GC invocations=0 (full 0):
 def new generation   total 4928K, used 4416K [0x04400000, 0x04950000, 0x09950000)
  eden space 4416K, 100% used [0x04400000, 0x04850000, 0x04850000)
  from space 512K,   0% used [0x04850000, 0x04850000, 0x048d0000)
  to   space 512K,   0% used [0x048d0000, 0x048d0000, 0x04950000)
 tenured generation   total 10944K, used 0K [0x09950000, 0x0a400000, 0x14400000)
   the space 10944K,   0% used [0x09950000, 0x09950000, 0x09950200, 0x0a400000)
 Metaspace       used 5177K, capacity 5357K, committed 5504K, reserved 5504K
Event: 758.484 GC heap after
Heap after GC invocations=1 (full 0):
 def new generation   total 4928K, used 512K [0x04400000, 0x04950000, 0x09950000)
  eden space 4416K,   0% used [0x04400000, 0x04400000, 0x04850000)
  from space 512K, 100% used [0x048d0000, 0x04950000, 0x04950000)
  to   space 512K,   0% used [0x04850000, 0x04850000, 0x048d0000)
 tenured generation   total 10944K, used 718K [0x09950000, 0x0a400000, 0x14400000)
   the space 10944K,   6% used [0x09950000, 0x09a039a8, 0x09a03a00, 0x0a400000)
 Metaspace       used 5177K, capacity 5357K, committed 5504K, reserved 5504K
}

Deoptimization events (0 events):
No events

Internal exceptions (10 events):
Event: 865.343 Thread 0x14905800 JVM_StopThread thread JavaThread 0x00000000 as oop 0x04726bd8 [exception 0x15a6ee24]
Event: 865.343 Thread 0x14905800 Exception <a 'java/lang/NullPointerException'> (0x047288d8) thrown at [C:\re\workspace\8-2-build-windows-i586-cygwin\jdk8u40\3098\hotspot\src\share\vm\interpreter\linkResolver.cpp, line 1178]
Event: 908.651 Thread 0x14908400 JVM_StopThread thread JavaThread 0x14904c00 as oop 0x04780e28 [exception 0x159df2c8]
Event: 908.652 Thread 0x14908400 JVM_StopThread thread JavaThread 0x00000000 as oop 0x04780e28 [exception 0x159df294]
Event: 908.652 Thread 0x14908400 Exception <a 'java/lang/NullPointerException'> (0x04781888) thrown at [C:\re\workspace\8-2-build-windows-i586-cygwin\jdk8u40\3098\hotspot\src\share\vm\interpreter\linkResolver.cpp, line 1178]
Event: 920.720 Thread 0x14906800 JVM_StopThread thread JavaThread 0x14905000 as oop 0x0481d490 [exception 0x0055ee14]
Event: 920.721 Thread 0x14905000 Exception <a 'java/lang/NullPointerException'> (0x04826678) thrown at [C:\re\workspace\8-2-build-windows-i586-cygwin\jdk8u40\3098\hotspot\src\share\vm\interpreter\linkResolver.cpp, line 1178]
Event: 920.721 Thread 0x14906800 JVM_StopThread thread JavaThread 0x14905000 as oop 0x0481d490 [exception 0x0055ede0]
Event: 920.721 Thread 0x14906800 Exception <a 'java/lang/NullPointerException'> (0x04823048) thrown at [C:\re\workspace\8-2-build-windows-i586-cygwin\jdk8u40\3098\hotspot\src\share\vm\interpreter\linkResolver.cpp, line 1178]
Event: 920.722 Thread 0x14905000 Exception <a 'java/lang/ThreadDeath'> (0x04822e98) thrown at [C:\re\workspace\8-2-build-windows-i586-cygwin\jdk8u40\3098\hotspot\src\share\vm\prims\jni.cpp, line 709]

Events (10 events):
Event: 920.721 Executing VM operation: GetOrSetLocal
Event: 920.721 Executing VM operation: GetOrSetLocal done
Event: 920.721 Executing VM operation: EnterInterpOnlyMode
Event: 920.721 Executing VM operation: EnterInterpOnlyMode done
Event: 920.721 Executing VM operation: ThreadStop
Event: 920.721 Executing VM operation: ThreadStop done
Event: 920.721 Executing VM operation: ForceSafepoint
Event: 920.721 Executing VM operation: ForceSafepoint done
Event: 920.722 Thread 0x14904c00 Thread added: 0x14904c00
Event: 920.722 Executing VM operation: RevokeBias


Dynamic libraries:
0x00580000 - 0x005b3000 	C:\Program Files (x86)\BlueJ\jdk\jre\bin\java.exe
0x77c40000 - 0x77de3000 	C:\WINDOWS\SYSTEM32\ntdll.dll
0x76480000 - 0x76570000 	C:\WINDOWS\System32\KERNEL32.DLL
0x76760000 - 0x76974000 	C:\WINDOWS\System32\KERNELBASE.dll
0x74f60000 - 0x74fff000 	C:\WINDOWS\SYSTEM32\apphelp.dll
0x75c10000 - 0x75c8a000 	C:\WINDOWS\System32\ADVAPI32.dll
0x76360000 - 0x7641f000 	C:\WINDOWS\System32\msvcrt.dll
0x75b80000 - 0x75bf6000 	C:\WINDOWS\System32\sechost.dll
0x77820000 - 0x778e0000 	C:\WINDOWS\System32\RPCRT4.dll
0x75c90000 - 0x75e26000 	C:\WINDOWS\System32\USER32.dll
0x76340000 - 0x76358000 	C:\WINDOWS\System32\win32u.dll
0x76980000 - 0x769a3000 	C:\WINDOWS\System32\GDI32.dll
0x75e30000 - 0x75f0b000 	C:\WINDOWS\System32\gdi32full.dll
0x771c0000 - 0x7723b000 	C:\WINDOWS\System32\msvcp_win.dll
0x76620000 - 0x76740000 	C:\WINDOWS\System32\ucrtbase.dll
0x73fe0000 - 0x741f2000 	C:\WINDOWS\WinSxS\x86_microsoft.windows.common-controls_6595b64144ccf1df_6.0.19041.488_none_11b1e5df2ffd8627\COMCTL32.dll
0x77950000 - 0x77975000 	C:\WINDOWS\System32\IMM32.DLL
0x75330000 - 0x753ef000 	C:\Program Files (x86)\BlueJ\jdk\jre\bin\msvcr100.dll
0x74480000 - 0x74840000 	C:\Program Files (x86)\BlueJ\jdk\jre\bin\client\jvm.dll
0x75b70000 - 0x75b76000 	C:\WINDOWS\System32\PSAPI.DLL
0x753f0000 - 0x753f8000 	C:\WINDOWS\SYSTEM32\WSOCK32.dll
0x75400000 - 0x75428000 	C:\WINDOWS\SYSTEM32\WINMM.dll
0x75210000 - 0x75218000 	C:\WINDOWS\SYSTEM32\VERSION.dll
0x75f70000 - 0x75fd3000 	C:\WINDOWS\System32\WS2_32.dll
0x75320000 - 0x7532c000 	C:\Program Files (x86)\BlueJ\jdk\jre\bin\verify.dll
0x752f0000 - 0x75311000 	C:\Program Files (x86)\BlueJ\jdk\jre\bin\java.dll
0x73730000 - 0x73759000 	C:\Program Files (x86)\BlueJ\jdk\jre\bin\jdwp.dll
0x73720000 - 0x73727000 	C:\Program Files (x86)\BlueJ\jdk\jre\bin\npt.dll
0x752d0000 - 0x752e3000 	C:\Program Files (x86)\BlueJ\jdk\jre\bin\zip.dll
0x76c00000 - 0x771b3000 	C:\WINDOWS\System32\SHELL32.dll
0x754f0000 - 0x75afa000 	C:\WINDOWS\SYSTEM32\windows.storage.dll
0x75fe0000 - 0x76261000 	C:\WINDOWS\System32\combase.dll
0x754c0000 - 0x754e4000 	C:\WINDOWS\SYSTEM32\Wldp.dll
0x762b0000 - 0x76338000 	C:\WINDOWS\System32\SHCORE.dll
0x75b00000 - 0x75b45000 	C:\WINDOWS\System32\shlwapi.dll
0x752b0000 - 0x752cd000 	C:\WINDOWS\SYSTEM32\profapi.dll
0x737e0000 - 0x737e9000 	C:\Program Files (x86)\BlueJ\jdk\jre\bin\dt_shmem.dll
0x750a0000 - 0x751e5000 	C:\Program Files (x86)\BlueJ\jdk\jre\bin\awt.dll
0x77240000 - 0x772d6000 	C:\WINDOWS\System32\OLEAUT32.dll
0x74af0000 - 0x74b64000 	C:\WINDOWS\system32\uxtheme.dll
0x77a10000 - 0x77ae4000 	C:\WINDOWS\System32\MSCTF.dll
0x77af0000 - 0x77bd3000 	C:\WINDOWS\System32\ole32.dll
0x75030000 - 0x7503f000 	C:\WINDOWS\SYSTEM32\kernel.appcore.dll
0x769b0000 - 0x76a0d000 	C:\WINDOWS\System32\bcryptPrimitives.dll
0x74d80000 - 0x74da6000 	C:\WINDOWS\system32\DWMAPI.DLL
0x74d40000 - 0x74d79000 	C:\Program Files (x86)\BlueJ\jdk\jre\bin\fontmanager.dll
0x75080000 - 0x75095000 	C:\Program Files (x86)\BlueJ\jdk\jre\bin\net.dll
0x74f00000 - 0x74f52000 	C:\WINDOWS\system32\mswsock.dll
0x75220000 - 0x7522f000 	C:\Program Files (x86)\BlueJ\jdk\jre\bin\nio.dll
0x74880000 - 0x748b0000 	C:\Program Files (x86)\BlueJ\jdk\jre\bin\t2k.dll
0x74a30000 - 0x74aea000 	C:\WINDOWS\SYSTEM32\textinputframework.dll
0x74990000 - 0x74a2b000 	C:\WINDOWS\System32\CoreMessaging.dll
0x74200000 - 0x7447e000 	C:\WINDOWS\System32\CoreUIComponents.dll
0x748b0000 - 0x7498e000 	C:\WINDOWS\SYSTEM32\wintypes.dll
0x75000000 - 0x75029000 	C:\WINDOWS\SYSTEM32\ntmarta.dll
0x736e0000 - 0x736ea000 	C:\Program Files (x86)\BlueJ\jdk\jre\bin\management.dll
0x737c0000 - 0x737d1000 	C:\WINDOWS\system32\napinsp.dll
0x737a0000 - 0x737b6000 	C:\WINDOWS\system32\pnrpnsp.dll
0x73790000 - 0x737a0000 	C:\WINDOWS\system32\wshbth.dll
0x73770000 - 0x73786000 	C:\WINDOWS\system32\NLAapi.dll
0x75040000 - 0x75072000 	C:\WINDOWS\SYSTEM32\IPHLPAPI.DLL
0x74e20000 - 0x74eb2000 	C:\WINDOWS\SYSTEM32\DNSAPI.dll
0x75c00000 - 0x75c07000 	C:\WINDOWS\System32\NSI.dll
0x73760000 - 0x7376e000 	C:\WINDOWS\System32\winrnr.dll
0x74870000 - 0x74878000 	C:\Windows\System32\rasadhlp.dll
0x73810000 - 0x73868000 	C:\WINDOWS\System32\fwpuclnt.dll
0x75b50000 - 0x75b69000 	C:\WINDOWS\System32\bcrypt.dll
0x74ba0000 - 0x74d28000 	C:\WINDOWS\SYSTEM32\dbghelp.dll

VM Arguments:
jvm_args: -ea -Djavafx.macosx.embedded=true -agentlib:jdwp=transport=dt_shmem,address=javadebug -Dfile.encoding=UTF-8 
java_command: bluej.runtime.ExecServer UTF-8
java_class_path (initial): C:\Program Files (x86)\BlueJ\lib\bluejcore.jar;C:\Program Files (x86)\BlueJ\lib\junit-4.8.2.jar;C:\Program Files (x86)\BlueJ\lib\userlib\pi4j-core.jar;C:\Program Files (x86)\BlueJ\lib\userlib\pi4j-device.jar;C:\Program Files (x86)\BlueJ\lib\userlib\pi4j-gpio-extension.jar;C:\Program Files (x86)\BlueJ\lib\userlib\pi4j-service.jar
Launcher Type: SUN_STANDARD

Environment Variables:
PATH=C:\Program Files (x86)\Common Files\Oracle\Java\javapath;C:\WINDOWS\system32;C:\WINDOWS;C:\WINDOWS\System32\Wbem;C:\WINDOWS\System32\WindowsPowerShell\v1.0\;C:\WINDOWS\System32\OpenSSH\;C:\Program Files\nodejs\;C:\Program Files\Git\cmd;C:\Program Files\Git\;C:\Program Files\Microsoft\Web Platform Installer\;C:\Program Files\MongoDB\Server\4.2\bin;C:\Program Files\Java\jdk1.8.0_111\bin;C:\Program Files\Java\jdk1.8.0_111\bin;C:\Users\adity\AppData\Local\Microsoft\WindowsApps;;C:\Users\adity\AppData\Local\Programs\Microsoft VS Code\bin;C:\Users\adity\AppData\Roaming\npm;C:\Program Files\heroku\bin
USERNAME=adity
OS=Windows_NT
PROCESSOR_IDENTIFIER=Intel64 Family 6 Model 37 Stepping 5, GenuineIntel



---------------  S Y S T E M  ---------------

OS: Windows 10.0 , 64 bit Build 19041 (10.0.19041.662)

CPU:total 4 (2 cores per cpu, 2 threads per core) family 6 model 37 stepping 5, cmov, cx8, fxsr, mmx, sse, sse2, sse3, ssse3, sse4.1, sse4.2, popcnt, ht, tsc, tscinvbit

Memory: 4k page, physical 3005556k(292000k free), swap 5102708k(1489364k free)

vm_info: Java HotSpot(TM) Client VM (25.40-b25) for windows-x86 JRE (1.8.0_40-b26), built on Mar  7 2015 13:51:08 by "java_re" with MS VC++ 10.0 (VS2010)

time: Sat Dec 19 22:33:14 2020
elapsed time: 920 seconds (0d 0h 15m 20s)

